Using pre-set license
Built from '2022.3/staging' branch; Version is '2022.3.8f1 (b5eafc012955) revision 11922172'; Using compiler version '192829333'; Build Type 'Release'
OS: 'Windows 11  (10.0.22621) 64bit Core' Language: 'en' Physical Memory: 32439 MB
BatchMode: 1, IsHumanControllingUs: 0, StartBugReporterOnCrash: 0, Is64bit: 1, IsPro: 1

COMMAND LINE ARGUMENTS:
C:\Program Files\Unity\Hub\Editor\2022.3.8f1\Editor\Unity.exe
-adb2
-batchMode
-noUpm
-name
AssetImportWorker11
-projectPath
C:/Users/willy/TitanFallLike
-logFile
Logs/AssetImportWorker11.log
-srvPort
53230
Successfully changed project path to: C:/Users/willy/TitanFallLike
C:/Users/willy/TitanFallLike
[UnityMemory] Configuration Parameters - Can be set up in boot.config
    "memorysetup-bucket-allocator-granularity=16"
    "memorysetup-bucket-allocator-bucket-count=8"
    "memorysetup-bucket-allocator-block-size=33554432"
    "memorysetup-bucket-allocator-block-count=8"
    "memorysetup-main-allocator-block-size=16777216"
    "memorysetup-thread-allocator-block-size=16777216"
    "memorysetup-gfx-main-allocator-block-size=16777216"
    "memorysetup-gfx-thread-allocator-block-size=16777216"
    "memorysetup-cache-allocator-block-size=4194304"
    "memorysetup-typetree-allocator-block-size=2097152"
    "memorysetup-profiler-bucket-allocator-granularity=16"
    "memorysetup-profiler-bucket-allocator-bucket-count=8"
    "memorysetup-profiler-bucket-allocator-block-size=33554432"
    "memorysetup-profiler-bucket-allocator-block-count=8"
    "memorysetup-profiler-allocator-block-size=16777216"
    "memorysetup-profiler-editor-allocator-block-size=1048576"
    "memorysetup-temp-allocator-size-main=16777216"
    "memorysetup-job-temp-allocator-block-size=2097152"
    "memorysetup-job-temp-allocator-block-size-background=1048576"
    "memorysetup-job-temp-allocator-reduction-small-platforms=262144"
    "memorysetup-allocator-temp-initial-block-size-main=262144"
    "memorysetup-allocator-temp-initial-block-size-worker=262144"
    "memorysetup-temp-allocator-size-background-worker=32768"
    "memorysetup-temp-allocator-size-job-worker=262144"
    "memorysetup-temp-allocator-size-preload-manager=33554432"
    "memorysetup-temp-allocator-size-nav-mesh-worker=65536"
    "memorysetup-temp-allocator-size-audio-worker=65536"
    "memorysetup-temp-allocator-size-cloud-worker=32768"
    "memorysetup-temp-allocator-size-gi-baking-worker=262144"
    "memorysetup-temp-allocator-size-gfx=262144"
Player connection [28048] Host "[IP] 192.168.56.1 [Port] 0 [Flags] 2 [Guid] 3139853141 [EditorId] 3139853141 [Version] 1048832 [Id] WindowsEditor(7,willy) [Debug] 1 [PackageName] WindowsEditor [ProjectName] Editor" joined multi-casting on [225.0.0.222:54997]...

Player connection [28048] Host "[IP] 192.168.56.1 [Port] 0 [Flags] 2 [Guid] 3139853141 [EditorId] 3139853141 [Version] 1048832 [Id] WindowsEditor(7,willy) [Debug] 1 [PackageName] WindowsEditor [ProjectName] Editor" joined alternative multi-casting on [225.0.0.222:34997]...

[Physics::Module] Initialized MultithreadedJobDispatcher with 19 workers.
Refreshing native plugins compatible for Editor in 15.14 ms, found 3 plugins.
Preloading 0 native plugins for Editor in 0.00 ms.
Initialize engine version: 2022.3.8f1 (b5eafc012955)
[Subsystems] Discovering subsystems at path C:/Program Files/Unity/Hub/Editor/2022.3.8f1/Editor/Data/Resources/UnitySubsystems
[Subsystems] Discovering subsystems at path C:/Users/willy/TitanFallLike/Assets
GfxDevice: creating device client; threaded=0; jobified=0
Direct3D:
    Version:  Direct3D 11.0 [level 11.1]
    Renderer: Intel(R) Iris(R) Xe Graphics (ID=0x46a6)
    Vendor:   Intel
    VRAM:     16219 MB
    Driver:   31.0.101.4575
Initialize mono
Mono path[0] = 'C:/Program Files/Unity/Hub/Editor/2022.3.8f1/Editor/Data/Managed'
Mono path[1] = 'C:/Program Files/Unity/Hub/Editor/2022.3.8f1/Editor/Data/MonoBleedingEdge/lib/mono/unityjit-win32'
Mono config path = 'C:/Program Files/Unity/Hub/Editor/2022.3.8f1/Editor/Data/MonoBleedingEdge/etc'
Using monoOptions --debugger-agent=transport=dt_socket,embedding=1,server=y,suspend=n,address=127.0.0.1:56916
Begin MonoManager ReloadAssembly
Registering precompiled unity dll's ...
Register platform support module: C:/Program Files/Unity/Hub/Editor/2022.3.8f1/Editor/Data/PlaybackEngines/WebGLSupport/UnityEditor.WebGL.Extensions.dll
Register platform support module: C:/Program Files/Unity/Hub/Editor/2022.3.8f1/Editor/Data/PlaybackEngines/MacStandaloneSupport/UnityEditor.OSXStandalone.Extensions.dll
Register platform support module: C:/Program Files/Unity/Hub/Editor/2022.3.8f1/Editor/Data/PlaybackEngines/WindowsStandaloneSupport/UnityEditor.WindowsStandalone.Extensions.dll
Register platform support module: C:/Program Files/Unity/Hub/Editor/2022.3.8f1/Editor/Data/PlaybackEngines/MetroSupport/UnityEditor.UWP.Extensions.dll
Registered in 0.014485 seconds.
- Loaded All Assemblies, in  0.404 seconds
Native extension for UWP target not found
Native extension for WindowsStandalone target not found
Native extension for OSXStandalone target not found
Native extension for WebGL target not found
Mono: successfully reloaded assembly
- Finished resetting the current domain, in  0.304 seconds
Domain Reload Profiling: 706ms
	BeginReloadAssembly (115ms)
		ExecutionOrderSort (0ms)
		DisableScriptedObjects (0ms)
		BackupInstance (0ms)
		ReleaseScriptingObjects (0ms)
		CreateAndSetChildDomain (1ms)
	RebuildCommonClasses (36ms)
	RebuildNativeTypeToScriptingClass (11ms)
	initialDomainReloadingComplete (69ms)
	LoadAllAssembliesAndSetupDomain (170ms)
		LoadAssemblies (112ms)
		RebuildTransferFunctionScriptingTraits (0ms)
		AnalyzeDomain (168ms)
			TypeCache.Refresh (166ms)
				TypeCache.ScanAssembly (152ms)
			ScanForSourceGeneratedMonoScriptInfo (0ms)
			ResolveRequiredComponents (1ms)
	FinalizeReload (304ms)
		ReleaseScriptCaches (0ms)
		RebuildScriptCaches (0ms)
		SetupLoadedEditorAssemblies (237ms)
			LogAssemblyErrors (0ms)
			InitializePlatformSupportModulesInManaged (17ms)
			SetLoadedEditorAssemblies (6ms)
			RefreshPlugins (0ms)
			BeforeProcessingInitializeOnLoad (2ms)
			ProcessInitializeOnLoadAttributes (153ms)
			ProcessInitializeOnLoadMethodAttributes (58ms)
			AfterProcessingInitializeOnLoad (0ms)
			EditorAssembliesLoaded (0ms)
		ExecutionOrderSort2 (0ms)
		AwakeInstancesAfterBackupRestoration (0ms)
========================================================================
Worker process is ready to serve import requests
Begin MonoManager ReloadAssembly
- Loaded All Assemblies, in  0.758 seconds
Refreshing native plugins compatible for Editor in 3.79 ms, found 3 plugins.
Native extension for UWP target not found
Native extension for WindowsStandalone target not found
Native extension for OSXStandalone target not found
Native extension for WebGL target not found
Package Manager log level set to [2]
[Package Manager] Server::EnsureServerProcessIsRunning -- launch failed, reason: Unity was launched with the -noUpm command-line argument
[Package Manager] UpmClient::Send -- Unable to send message (not connected to UPM process).
[Package Manager] Cannot connect to Unity Package Manager local server
Mono: successfully reloaded assembly
- Finished resetting the current domain, in  0.916 seconds
Domain Reload Profiling: 1669ms
	BeginReloadAssembly (156ms)
		ExecutionOrderSort (0ms)
		DisableScriptedObjects (5ms)
		BackupInstance (0ms)
		ReleaseScriptingObjects (0ms)
		CreateAndSetChildDomain (20ms)
	RebuildCommonClasses (39ms)
	RebuildNativeTypeToScriptingClass (13ms)
	initialDomainReloadingComplete (61ms)
	LoadAllAssembliesAndSetupDomain (485ms)
		LoadAssemblies (318ms)
		RebuildTransferFunctionScriptingTraits (0ms)
		AnalyzeDomain (258ms)
			TypeCache.Refresh (229ms)
				TypeCache.ScanAssembly (209ms)
			ScanForSourceGeneratedMonoScriptInfo (20ms)
			ResolveRequiredComponents (7ms)
	FinalizeReload (917ms)
		ReleaseScriptCaches (0ms)
		RebuildScriptCaches (0ms)
		SetupLoadedEditorAssemblies (719ms)
			LogAssemblyErrors (0ms)
			InitializePlatformSupportModulesInManaged (14ms)
			SetLoadedEditorAssemblies (4ms)
			RefreshPlugins (0ms)
			BeforeProcessingInitializeOnLoad (72ms)
			ProcessInitializeOnLoadAttributes (593ms)
			ProcessInitializeOnLoadMethodAttributes (28ms)
			AfterProcessingInitializeOnLoad (8ms)
			EditorAssembliesLoaded (0ms)
		ExecutionOrderSort2 (0ms)
		AwakeInstancesAfterBackupRestoration (8ms)
Launched and connected shader compiler UnityShaderCompiler.exe after 0.07 seconds
Refreshing native plugins compatible for Editor in 3.05 ms, found 3 plugins.
Preloading 0 native plugins for Editor in 0.00 ms.
Unloading 3128 Unused Serialized files (Serialized files now loaded: 0)
Unloading 32 unused Assets / (331.3 KB). Loaded Objects now: 3593.
Memory consumption went from 118.6 MB to 118.3 MB.
Total: 3.947400 ms (FindLiveObjects: 0.310200 ms CreateObjectMapping: 0.129000 ms MarkObjects: 3.273700 ms  DeleteObjects: 0.232800 ms)

AssetImportParameters requested are different than current active one (requested -> active):
  custom:scripting/monoscript/fileName/MobileInput.cs: 916a9248ab1eb3f0d791859f028e70d8 -> 
  custom:scripting/monoscript/fileName/Water.cs: 4427281107f61d1837c0a767dd081136 -> 
  custom:scripting/monoscript/fileName/InputAxisScrollbar.cs: ac9f721155332e2772dc111905c4d583 -> 
  custom:container-demuxer-ogg: 62fdf1f143b41e24485cea50d1cbac27 -> 
  custom:scripting/monoscript/fileName/PlanarReflectionEditor.cs: e9b6649e6c72d886139d0a61dab2ce53 -> 
  custom:scripting/monoscript/fileName/AeroplaneUserControl4Axis.cs: 7861dde000b5351936f6898bbbf51638 -> 
  custom:scripting/monoscript/fileName/ActivateTrigger.cs: c17dbf6ebd3571655102669753f97191 -> 
  custom:scripting/monoscript/fileName/CarAIControl.cs: ca4f368ea072d7a564df07dc895b2a96 -> 
  custom:scripting/monoscript/fileName/WaypointCircuit.cs: eb0e609150550e528225b682103b43f4 -> 
  custom:scripting/monoscript/fileName/ParticleSystemDestroyer.cs: 4a3ccd840619c24dbe6ed070600d5d9e -> 
  custom:scripting/monoscript/fileName/LandingGear.cs: 65e13eeed4ae22f6a2546db1a8bff3cf -> 
  custom:scripting/monoscript/fileName/ExplosionPhysicsForce.cs: 99c9bdd3f4711349ea008cc9307354fc -> 
  custom:scripting/monoscript/fileName/CrossPlatformInputInitialize.cs: 5298687dc61bd38df93e503be0cd027b -> 
  custom:scripting/monoscript/fileName/CrossPlatformInputManager.cs: 6de8af81d021eaf9393099950d116e92 -> 
  custom:scripting/monoscript/fileName/DragRigidbody.cs: 4603c3af3f13916f3fa935f6c699052a -> 
  custom:video-codec-MediaFoundation-h265: 746d11721c4dcdbdad8f713fa42b33f4 -> 
  custom:scripting/monoscript/fileName/GerstnerDisplace.cs: 7df2740790548bab84eb0d3c7932989c -> 
  custom:scripting/monoscript/fileName/SmokeParticles.cs: ae0be802c38d22b76b13deaf32e6b2fa -> 
  custom:scripting/monoscript/fileName/PlanarReflection.cs: 12735a809aeff545be42d56dcf008119 -> 
  custom:video-decoder-ogg-theora: a1e56fd34408186e4bbccfd4996cb3dc -> 
  custom:scripting/monoscript/fileName/WaterBasic.cs: 55f1f2d585546c05088574d22ca868db -> 
  custom:scripting/monoscript/fileName/WaterBaseEditor.cs: 7bfe9a8f976495e6455dffd894e3c518 -> 
  custom:framework-win-MediaFoundation: 216162199b28c13a410421893ffa2e32 -> 
  custom:scripting/monoscript/fileName/AeroplaneAudio.cs: 50294550bb51818f5e10a8e61efaaff7 -> 
  custom:scripting/monoscript/fileName/Camera2DFollow.cs: 5b1fdae63beb5574e052e755458bbeaf -> 
  custom:scripting/monoscript/fileName/TouchPad.cs: 6807f02d81a6bfd6af95f1e26dad1c08 -> 
  custom:scripting/monoscript/fileName/TiltInput.cs: 1820939af3f541157a2fe21edb2c5afd -> 
  custom:scripting/monoscript/fileName/RigidbodyFirstPersonController.cs: ace2a793a454b629c5b1d471baf52a02 -> 
  custom:scripting/monoscript/fileName/SmoothFollow.cs: 6827ffa1ee9ce151924316a12a17fd6f -> 
  custom:scripting/monoscript/fileName/Ball.cs: 1f94b792729e7dfe8e4b6b48e94f74ad -> 
  custom:scripting/monoscript/fileName/ExtinguishableParticleSystem.cs: f8b7119b76e142217ea59caecee08c2d -> 
  custom:CustomObjectIndexerAttribute: 756ad292c208cfabdd7b50bc23989ffe -> 
  custom:scripting/monoscript/fileName/AICharacterControl.cs: 1ba2ce23cf6d0498a7ed5611bc270566 -> 
  custom:scripting/monoscript/fileName/DynamicShadowSettings.cs: 4d386fbb6170c62321b4d131fcbbb95b -> 
  custom:scripting/monoscript/fileName/CurveControlledBob.cs: fd3c34ca61c0dfb6328f54c1782436be -> 
  custom:scripting/monoscript/fileName/AutoMobileShaderSwitch.cs: 99d7aaf020e3cf1646695822196b7aba -> 
  custom:scripting/monoscript/fileName/AlphaButtonClickMask.cs: d9b1e64559b9156677fa9de4d563dc4f -> 
  custom:scripting/monoscript/fileName/CarUserControl.cs: b739673caf6b3c3aa830f1d37d22cee0 -> 
  custom:container-demuxer-webm: 4f35f7cbe854078d1ac9338744f61a02 -> 
  custom:scripting/monoscript/fileName/SpecularLightingEditor.cs: b1aa7ff8d6178916b888123f93fc1461 -> 
  custom:scripting/monoscript/fileName/StandaloneInput.cs: 88b73dc74cc44043423a370601c3162d -> 
  custom:scripting/monoscript/fileName/MeshContainer.cs: 75ad9d60f0f027bf75784089522aa0ff -> 
  custom:scripting/monoscript/fileName/CarSelfRighting.cs: cea80a7e099151b7e6e358849786ec5f -> 
  custom:scripting/monoscript/fileName/AbstractTargetFollower.cs: 6409c10c17b027813bf616cbbd82342d -> 
  custom:scripting/monoscript/fileName/JetParticleEffect.cs: abfa80fe368b150b31608b6d0d9e5480 -> 
  custom:scripting/monoscript/fileName/FOVKick.cs: d136c86792778333cf463e29c8f7ade6 -> 
  custom:scripting/monoscript/fileName/TimedObjectActivator.cs: bb1df94b2d6347fcdbe73f799d3ca657 -> 
  custom:scripting/monoscript/fileName/CameraFollow.cs: f688adf0047d2d447317a6b463e2f96f -> 
  custom:scripting/monoscript/fileName/AutoCam.cs: ae81c0234c6aa2e342909cd6ad8531f9 -> 
  custom:scripting/monoscript/fileName/WaterBase.cs: c45d6dc5c44825ed7b3cfd00eea96cd1 -> 
  custom:scripting/monoscript/fileName/PivotBasedCameraRig.cs: 569fe548a68bbe05737c846b6136fd7c -> 
  custom:scripting/monoscript/fileName/WaypointProgressTracker.cs: 4258c6b0386daa037a45b680ab62a1e0 -> 
  custom:scripting/monoscript/fileName/ThirdPersonCharacter.cs: cfdf9322569f93fa7d0d8541b14b23bc -> 
  custom:scripting/monoscript/fileName/WaterEditorUtility.cs: a2f035b58d42b9f5e221f28bf9ba8df5 -> 
  custom:scripting/monoscript/fileName/SimpleMouseRotator.cs: dba573bcb546f175149e62ba814f5b72 -> 
  custom:container-muxer-webm: aa71ff27fc2769a1b78a27578f13a17b -> 
  custom:scripting/monoscript/fileName/ParticleSystemMultiplier.cs: ee9356afc1edd7a7e964bbfaae218d2b -> 
  custom:scripting/monoscript/fileName/Explosive.cs: 3828d6083bb1809dd6ceb0774cff30bf -> 
  custom:scripting/monoscript/fileName/TargetFieldOfView.cs: 51d23f9917ca2bff79136f2f326daaed -> 
  custom:video-decoder-webm-vp8: 9c59270c3fd7afecdb556c50c9e8de78 -> 
  custom:scripting/monoscript/fileName/AeroplaneAiControl.cs: 1998eeeff93b392074de05baabdb9c40 -> 
  custom:scripting/monoscript/fileName/CameraRefocus.cs: ad0ece5675b71eb36894f0c255f332e4 -> 
  custom:scripting/monoscript/fileName/CarAudio.cs: fc000aedbef84f7776d30d5e96d6569a -> 
  custom:SearchIndexIgnoredProperties: e643bd26f0fe6173181afceb89e7c659 -> 
  custom:scripting/monoscript/fileName/TimedObjectDestructor.cs: 2b9ef5c24d8ac1876bcac32bfbb70091 -> 
  custom:AudioImporter_EditorPlatform: d09bf68614088b80899f8185d706f6e7 -> 
  custom:scripting/monoscript/fileName/MobileControlRig.cs: edcf953c7c7f28c0e7c76ed3794b771a -> 
  custom:scripting/monoscript/fileName/ExplosionFireAndDebris.cs: 9c578ebda2ad3c3c3c6c44dce65093e0 -> 
  custom:scripting/monoscript/fileName/Mudguard.cs: 12e7e83acdb435d5e06e72b4316a8319 -> 
  custom:scripting/monoscript/fileName/SpecularLighting.cs: b337f2555d0714afc339e7449ab9618f -> 
  custom:scripting/monoscript/fileName/ForcedReset.cs: 5ff613fa73995367b603682b60bcea24 -> 
  custom:scripting/monoscript/fileName/HandHeldCam.cs: 39d3287cbb1e5c085859aee4b8cca7a8 -> 
  custom:scripting/monoscript/fileName/AeroplaneControlSurfaceAnimator.cs: 010a3bb2938c9be08cfba18cfdb02ba8 -> 
  custom:scripting/monoscript/fileName/EventSystemChecker.cs: 8ff64b04718551a6bca2d6f2b6f6ea6e -> 
  custom:scripting/monoscript/fileName/VirtualInput.cs: dc5775c312c5ecb7052c36f3d3ca27fc -> 
  custom:scripting/monoscript/fileName/AeroplaneUserControl2Axis.cs: 2b05f3c9809daf4601d3a5f28329996c -> 
  custom:scripting/monoscript/fileName/WaterHoseParticles.cs: 86c1b8c19be690fb9367e984ca7a0ab7 -> 
  custom:scripting/monoscript/fileName/MouseLook.cs: 36c3836205aea061e755e4bcfebbe89c -> 
  custom:scripting/monoscript/fileName/SimpleActivatorMenu.cs: 1f886f09fd047de86975dc92f0781ec6 -> 
  custom:scripting/monoscript/fileName/PlatformerCharacter2D.cs: ec36baacbd2b0ac64e2ed75f1435adaa -> 
  custom:scripting/monoscript/fileName/FPSCounter.cs: 61325357dea45ada3313f117fe0f7127 -> 
  custom:scripting/monoscript/fileName/LerpControlledBob.cs: e1bf67f0a3095bf49332446dc0219443 -> 
  custom:scripting/monoscript/fileName/ButtonHandler.cs: bf99f15b4b4da7541cf1a3227d33dba4 -> 
  custom:scripting/monoscript/fileName/LookatTarget.cs: 24990fd6a1942dd499cec63d308f9c02 -> 
  custom:scripting/monoscript/fileName/AeroplaneController.cs: cfb2d719e9219769fc09de7d4a42bb38 -> 
  custom:video-encoder-webm-vp8: eb34c28f22e8b96e1ab97ce403110664 -> 
  custom:scripting/monoscript/fileName/CarController.cs: fb53e0bbf58768a4ef106911a1e6c541 -> 
  custom:audio-decoder-ogg-vorbis: bf7c407c2cedff20999df2af8eb42d56 -> 
  custom:scripting/monoscript/fileName/AfterburnerPhysicsForce.cs: ea1d2e5ce75d184b47ac9cdb79411e01 -> 
  custom:scripting/monoscript/fileName/AeroplanePropellerAnimator.cs: 0a888aaa63bfb35fd9eec0b63fc72e3c -> 
  custom:scripting/monoscript/fileName/Displace.cs: 5b4fe65107bc730457d8c227a256a0ca -> 
  custom:scripting/monoscript/fileName/AxisTouchButton.cs: a7aa800e764d8b80087fc24ac7f59d30 -> 
  custom:scripting/monoscript/fileName/BrakeLight.cs: 3113ea39310d45bead23adbbd70231cd -> 
  custom:scripting/monoscript/fileName/FollowTarget.cs: b1a6ed13124065658ba5d24dfcda5053 -> 
  custom:scripting/monoscript/fileName/Suspension.cs: acf7b262a6de56a4883e121a5f1da868 -> 
  custom:scripting/monoscript/fileName/FireLight.cs: b4b66c362b883eb58d7e52f4922a19fc -> 
  custom:scripting/monoscript/fileName/FirstPersonController.cs: a916381fd860ee40315b63f3043593ae -> 67f77d7cf4835cb45da4a44b64600b6d
  custom:scripting/monoscript/fileName/ProtectCameraFromWallClip.cs: 4c140574803b995cdf559398f585d40b -> 
  custom:scripting/monoscript/fileName/SkidTrail.cs: 15a75bf14c72d020d3341a05c9220dc5 -> 
  custom:scripting/monoscript/fileName/Joystick.cs: 11af4b90318823aa68a285f0f2d513aa -> 
  custom:scripting/monoscript/fileName/BallUserControl.cs: a7e27f72ffe35910ae9c3697f09faa90 -> 
  custom:scripting/monoscript/fileName/FreeLookCam.cs: fbcb717fad2034192c3ecbc696d6e019 -> 
  custom:audio-encoder-webm-vorbis: bf7c407c2cedff20999df2af8eb42d56 -> 
  custom:scripting/monoscript/fileName/PlatformSpecificContent.cs: d80b16e46fa47259f162b60d4de03e39 -> 
  custom:scripting/monoscript/fileName/AutoMoveAndRotate.cs: cadb60ca81f0fa092bfbe6288b868ff7 -> 
  custom:scripting/monoscript/fileName/WaterTile.cs: befbb5490146d8411f498114065e047b -> 
  custom:scripting/monoscript/fileName/ThirdPersonUserControl.cs: bd5be9b690b2b25691123042e3f029e4 -> 
  custom:scripting/monoscript/fileName/Hose.cs: 1d1751f4f603bc707cbfbd006a3e319e -> 
  custom:scripting/monoscript/fileName/HeadBob.cs: 280e62205361a81182004909e3cfba7a -> 
  custom:scripting/monoscript/fileName/ObjectResetter.cs: 4729f3c5ec4320f6d42859ed0a7e4fcc -> 
  custom:scripting/monoscript/fileName/GerstnerDisplaceEditor.cs: cac3112c0b92edc85cc92519734e920f -> 
  custom:scripting/monoscript/fileName/Restarter.cs: 3754c3e01f668cfd421f243131ab1ae4 -> 
  custom:scripting/monoscript/fileName/Platformer2DUserControl.cs: 9a1792f8403cabe7b20bb4ebb904f64e -> 
  custom:scripting/monoscript/fileName/WheelEffects.cs: 3a1bbc7d2b8f318a0cb10eda2837de54 -> 
========================================================================
Received Prepare
Begin MonoManager ReloadAssembly
- Loaded All Assemblies, in  0.585 seconds
Refreshing native plugins compatible for Editor in 3.21 ms, found 3 plugins.
Native extension for UWP target not found
Native extension for WindowsStandalone target not found
Native extension for OSXStandalone target not found
Native extension for WebGL target not found
[Package Manager] Server::EnsureServerProcessIsRunning -- launch failed, reason: Unity was launched with the -noUpm command-line argument
[Package Manager] UpmClient::Send -- Unable to send message (not connected to UPM process).
[Package Manager] Cannot connect to Unity Package Manager local server
Mono: successfully reloaded assembly
- Finished resetting the current domain, in  2.301 seconds
Domain Reload Profiling: 2882ms
	BeginReloadAssembly (205ms)
		ExecutionOrderSort (0ms)
		DisableScriptedObjects (9ms)
		BackupInstance (0ms)
		ReleaseScriptingObjects (0ms)
		CreateAndSetChildDomain (45ms)
	RebuildCommonClasses (41ms)
	RebuildNativeTypeToScriptingClass (13ms)
	initialDomainReloadingComplete (34ms)
	LoadAllAssembliesAndSetupDomain (288ms)
		LoadAssemblies (376ms)
		RebuildTransferFunctionScriptingTraits (0ms)
		AnalyzeDomain (19ms)
			TypeCache.Refresh (11ms)
				TypeCache.ScanAssembly (0ms)
			ScanForSourceGeneratedMonoScriptInfo (0ms)
			ResolveRequiredComponents (5ms)
	FinalizeReload (2303ms)
		ReleaseScriptCaches (0ms)
		RebuildScriptCaches (0ms)
		SetupLoadedEditorAssemblies (1534ms)
			LogAssemblyErrors (0ms)
			InitializePlatformSupportModulesInManaged (31ms)
			SetLoadedEditorAssemblies (11ms)
			RefreshPlugins (0ms)
			BeforeProcessingInitializeOnLoad (172ms)
			ProcessInitializeOnLoadAttributes (1280ms)
			ProcessInitializeOnLoadMethodAttributes (27ms)
			AfterProcessingInitializeOnLoad (12ms)
			EditorAssembliesLoaded (0ms)
		ExecutionOrderSort2 (0ms)
		AwakeInstancesAfterBackupRestoration (12ms)
Refreshing native plugins compatible for Editor in 9.76 ms, found 3 plugins.
Preloading 0 native plugins for Editor in 0.00 ms.
Unloading 3118 Unused Serialized files (Serialized files now loaded: 0)
Unloading 23 unused Assets / (280.1 KB). Loaded Objects now: 3596.
Memory consumption went from 117.0 MB to 116.7 MB.
Total: 9.559400 ms (FindLiveObjects: 0.629400 ms CreateObjectMapping: 0.387700 ms MarkObjects: 8.175700 ms  DeleteObjects: 0.363000 ms)

Prepare: number of updated asset objects reloaded= 0
AssetImportParameters requested are different than current active one (requested -> active):
  custom:scripting/monoscript/fileName/MobileInput.cs: 916a9248ab1eb3f0d791859f028e70d8 -> 
  custom:scripting/monoscript/fileName/Water.cs: 4427281107f61d1837c0a767dd081136 -> 
  custom:scripting/monoscript/fileName/InputAxisScrollbar.cs: ac9f721155332e2772dc111905c4d583 -> 
  custom:container-demuxer-ogg: 62fdf1f143b41e24485cea50d1cbac27 -> 
  custom:scripting/monoscript/fileName/PlanarReflectionEditor.cs: e9b6649e6c72d886139d0a61dab2ce53 -> 
  custom:scripting/monoscript/fileName/AeroplaneUserControl4Axis.cs: 7861dde000b5351936f6898bbbf51638 -> 
  custom:scripting/monoscript/fileName/ActivateTrigger.cs: c17dbf6ebd3571655102669753f97191 -> 
  custom:scripting/monoscript/fileName/CarAIControl.cs: ca4f368ea072d7a564df07dc895b2a96 -> 
  custom:scripting/monoscript/fileName/WaypointCircuit.cs: eb0e609150550e528225b682103b43f4 -> 
  custom:scripting/monoscript/fileName/ParticleSystemDestroyer.cs: 4a3ccd840619c24dbe6ed070600d5d9e -> 
  custom:scripting/monoscript/fileName/LandingGear.cs: 65e13eeed4ae22f6a2546db1a8bff3cf -> 
  custom:scripting/monoscript/fileName/ExplosionPhysicsForce.cs: 99c9bdd3f4711349ea008cc9307354fc -> 
  custom:scripting/monoscript/fileName/CrossPlatformInputInitialize.cs: 5298687dc61bd38df93e503be0cd027b -> 
  custom:scripting/monoscript/fileName/CrossPlatformInputManager.cs: 6de8af81d021eaf9393099950d116e92 -> 
  custom:scripting/monoscript/fileName/DragRigidbody.cs: 4603c3af3f13916f3fa935f6c699052a -> 
  custom:video-codec-MediaFoundation-h265: 746d11721c4dcdbdad8f713fa42b33f4 -> 
  custom:scripting/monoscript/fileName/GerstnerDisplace.cs: 7df2740790548bab84eb0d3c7932989c -> 
  custom:scripting/monoscript/fileName/SmokeParticles.cs: ae0be802c38d22b76b13deaf32e6b2fa -> 
  custom:scripting/monoscript/fileName/PlanarReflection.cs: 12735a809aeff545be42d56dcf008119 -> 
  custom:video-decoder-ogg-theora: a1e56fd34408186e4bbccfd4996cb3dc -> 
  custom:scripting/monoscript/fileName/WaterBasic.cs: 55f1f2d585546c05088574d22ca868db -> 
  custom:scripting/monoscript/fileName/WaterBaseEditor.cs: 7bfe9a8f976495e6455dffd894e3c518 -> 
  custom:framework-win-MediaFoundation: 216162199b28c13a410421893ffa2e32 -> 
  custom:scripting/monoscript/fileName/AeroplaneAudio.cs: 50294550bb51818f5e10a8e61efaaff7 -> 
  custom:scripting/monoscript/fileName/Camera2DFollow.cs: 5b1fdae63beb5574e052e755458bbeaf -> 
  custom:scripting/monoscript/fileName/TouchPad.cs: 6807f02d81a6bfd6af95f1e26dad1c08 -> 
  custom:scripting/monoscript/fileName/TiltInput.cs: 1820939af3f541157a2fe21edb2c5afd -> 
  custom:scripting/monoscript/fileName/RigidbodyFirstPersonController.cs: ace2a793a454b629c5b1d471baf52a02 -> 
  custom:scripting/monoscript/fileName/SmoothFollow.cs: 6827ffa1ee9ce151924316a12a17fd6f -> 
  custom:scripting/monoscript/fileName/Ball.cs: 1f94b792729e7dfe8e4b6b48e94f74ad -> 
  custom:scripting/monoscript/fileName/ExtinguishableParticleSystem.cs: f8b7119b76e142217ea59caecee08c2d -> 
  custom:CustomObjectIndexerAttribute: 756ad292c208cfabdd7b50bc23989ffe -> 
  custom:scripting/monoscript/fileName/AICharacterControl.cs: 1ba2ce23cf6d0498a7ed5611bc270566 -> 
  custom:scripting/monoscript/fileName/DynamicShadowSettings.cs: 4d386fbb6170c62321b4d131fcbbb95b -> 
  custom:scripting/monoscript/fileName/CurveControlledBob.cs: fd3c34ca61c0dfb6328f54c1782436be -> 
  custom:scripting/monoscript/fileName/AutoMobileShaderSwitch.cs: 99d7aaf020e3cf1646695822196b7aba -> 
  custom:scripting/monoscript/fileName/AlphaButtonClickMask.cs: d9b1e64559b9156677fa9de4d563dc4f -> 
  custom:scripting/monoscript/fileName/CarUserControl.cs: b739673caf6b3c3aa830f1d37d22cee0 -> 
  custom:container-demuxer-webm: 4f35f7cbe854078d1ac9338744f61a02 -> 
  custom:scripting/monoscript/fileName/SpecularLightingEditor.cs: b1aa7ff8d6178916b888123f93fc1461 -> 
  custom:scripting/monoscript/fileName/StandaloneInput.cs: 88b73dc74cc44043423a370601c3162d -> 
  custom:scripting/monoscript/fileName/MeshContainer.cs: 75ad9d60f0f027bf75784089522aa0ff -> 
  custom:scripting/monoscript/fileName/CarSelfRighting.cs: cea80a7e099151b7e6e358849786ec5f -> 
  custom:scripting/monoscript/fileName/AbstractTargetFollower.cs: 6409c10c17b027813bf616cbbd82342d -> 
  custom:scripting/monoscript/fileName/JetParticleEffect.cs: abfa80fe368b150b31608b6d0d9e5480 -> 
  custom:scripting/monoscript/fileName/FOVKick.cs: d136c86792778333cf463e29c8f7ade6 -> 
  custom:scripting/monoscript/fileName/TimedObjectActivator.cs: bb1df94b2d6347fcdbe73f799d3ca657 -> 
  custom:scripting/monoscript/fileName/CameraFollow.cs: f688adf0047d2d447317a6b463e2f96f -> 
  custom:scripting/monoscript/fileName/AutoCam.cs: ae81c0234c6aa2e342909cd6ad8531f9 -> 
  custom:scripting/monoscript/fileName/WaterBase.cs: c45d6dc5c44825ed7b3cfd00eea96cd1 -> 
  custom:scripting/monoscript/fileName/PivotBasedCameraRig.cs: 569fe548a68bbe05737c846b6136fd7c -> 
  custom:scripting/monoscript/fileName/WaypointProgressTracker.cs: 4258c6b0386daa037a45b680ab62a1e0 -> 
  custom:scripting/monoscript/fileName/ThirdPersonCharacter.cs: cfdf9322569f93fa7d0d8541b14b23bc -> 
  custom:scripting/monoscript/fileName/WaterEditorUtility.cs: a2f035b58d42b9f5e221f28bf9ba8df5 -> 
  custom:scripting/monoscript/fileName/SimpleMouseRotator.cs: dba573bcb546f175149e62ba814f5b72 -> 
  custom:container-muxer-webm: aa71ff27fc2769a1b78a27578f13a17b -> 
  custom:scripting/monoscript/fileName/ParticleSystemMultiplier.cs: ee9356afc1edd7a7e964bbfaae218d2b -> 
  custom:scripting/monoscript/fileName/Explosive.cs: 3828d6083bb1809dd6ceb0774cff30bf -> 
  custom:scripting/monoscript/fileName/TargetFieldOfView.cs: 51d23f9917ca2bff79136f2f326daaed -> 
  custom:video-decoder-webm-vp8: 9c59270c3fd7afecdb556c50c9e8de78 -> 
  custom:scripting/monoscript/fileName/AeroplaneAiControl.cs: 1998eeeff93b392074de05baabdb9c40 -> 
  custom:scripting/monoscript/fileName/CameraRefocus.cs: ad0ece5675b71eb36894f0c255f332e4 -> 
  custom:scripting/monoscript/fileName/CarAudio.cs: fc000aedbef84f7776d30d5e96d6569a -> 
  custom:SearchIndexIgnoredProperties: e643bd26f0fe6173181afceb89e7c659 -> 
  custom:scripting/monoscript/fileName/TimedObjectDestructor.cs: 2b9ef5c24d8ac1876bcac32bfbb70091 -> 
  custom:AudioImporter_EditorPlatform: d09bf68614088b80899f8185d706f6e7 -> 
  custom:scripting/monoscript/fileName/MobileControlRig.cs: edcf953c7c7f28c0e7c76ed3794b771a -> 
  custom:scripting/monoscript/fileName/ExplosionFireAndDebris.cs: 9c578ebda2ad3c3c3c6c44dce65093e0 -> 
  custom:scripting/monoscript/fileName/Mudguard.cs: 12e7e83acdb435d5e06e72b4316a8319 -> 
  custom:scripting/monoscript/fileName/SpecularLighting.cs: b337f2555d0714afc339e7449ab9618f -> 
  custom:scripting/monoscript/fileName/ForcedReset.cs: 5ff613fa73995367b603682b60bcea24 -> 
  custom:scripting/monoscript/fileName/HandHeldCam.cs: 39d3287cbb1e5c085859aee4b8cca7a8 -> 
  custom:scripting/monoscript/fileName/AeroplaneControlSurfaceAnimator.cs: 010a3bb2938c9be08cfba18cfdb02ba8 -> 
  custom:scripting/monoscript/fileName/EventSystemChecker.cs: 8ff64b04718551a6bca2d6f2b6f6ea6e -> 
  custom:scripting/monoscript/fileName/VirtualInput.cs: dc5775c312c5ecb7052c36f3d3ca27fc -> 
  custom:scripting/monoscript/fileName/AeroplaneUserControl2Axis.cs: 2b05f3c9809daf4601d3a5f28329996c -> 
  custom:scripting/monoscript/fileName/WaterHoseParticles.cs: 86c1b8c19be690fb9367e984ca7a0ab7 -> 
  custom:scripting/monoscript/fileName/MouseLook.cs: 36c3836205aea061e755e4bcfebbe89c -> 
  custom:scripting/monoscript/fileName/SimpleActivatorMenu.cs: 1f886f09fd047de86975dc92f0781ec6 -> 
  custom:scripting/monoscript/fileName/PlatformerCharacter2D.cs: ec36baacbd2b0ac64e2ed75f1435adaa -> 
  custom:scripting/monoscript/fileName/FPSCounter.cs: 61325357dea45ada3313f117fe0f7127 -> 
  custom:scripting/monoscript/fileName/LerpControlledBob.cs: e1bf67f0a3095bf49332446dc0219443 -> 
  custom:scripting/monoscript/fileName/ButtonHandler.cs: bf99f15b4b4da7541cf1a3227d33dba4 -> 
  custom:scripting/monoscript/fileName/LookatTarget.cs: 24990fd6a1942dd499cec63d308f9c02 -> 
  custom:scripting/monoscript/fileName/AeroplaneController.cs: cfb2d719e9219769fc09de7d4a42bb38 -> 
  custom:video-encoder-webm-vp8: eb34c28f22e8b96e1ab97ce403110664 -> 
  custom:scripting/monoscript/fileName/CarController.cs: fb53e0bbf58768a4ef106911a1e6c541 -> 
  custom:audio-decoder-ogg-vorbis: bf7c407c2cedff20999df2af8eb42d56 -> 
  custom:scripting/monoscript/fileName/AfterburnerPhysicsForce.cs: ea1d2e5ce75d184b47ac9cdb79411e01 -> 
  custom:scripting/monoscript/fileName/AeroplanePropellerAnimator.cs: 0a888aaa63bfb35fd9eec0b63fc72e3c -> 
  custom:scripting/monoscript/fileName/Displace.cs: 5b4fe65107bc730457d8c227a256a0ca -> 
  custom:scripting/monoscript/fileName/AxisTouchButton.cs: a7aa800e764d8b80087fc24ac7f59d30 -> 
  custom:scripting/monoscript/fileName/BrakeLight.cs: 3113ea39310d45bead23adbbd70231cd -> 
  custom:scripting/monoscript/fileName/FollowTarget.cs: b1a6ed13124065658ba5d24dfcda5053 -> 
  custom:scripting/monoscript/fileName/Suspension.cs: acf7b262a6de56a4883e121a5f1da868 -> 
  custom:scripting/monoscript/fileName/FireLight.cs: b4b66c362b883eb58d7e52f4922a19fc -> 
  custom:scripting/monoscript/fileName/FirstPersonController.cs: a916381fd860ee40315b63f3043593ae -> 67f77d7cf4835cb45da4a44b64600b6d
  custom:scripting/monoscript/fileName/ProtectCameraFromWallClip.cs: 4c140574803b995cdf559398f585d40b -> 
  custom:scripting/monoscript/fileName/SkidTrail.cs: 15a75bf14c72d020d3341a05c9220dc5 -> 
  custom:scripting/monoscript/fileName/Joystick.cs: 11af4b90318823aa68a285f0f2d513aa -> 
  custom:scripting/monoscript/fileName/BallUserControl.cs: a7e27f72ffe35910ae9c3697f09faa90 -> 
  custom:scripting/monoscript/fileName/FreeLookCam.cs: fbcb717fad2034192c3ecbc696d6e019 -> 
  custom:audio-encoder-webm-vorbis: bf7c407c2cedff20999df2af8eb42d56 -> 
  custom:scripting/monoscript/fileName/PlatformSpecificContent.cs: d80b16e46fa47259f162b60d4de03e39 -> 
  custom:scripting/monoscript/fileName/AutoMoveAndRotate.cs: cadb60ca81f0fa092bfbe6288b868ff7 -> 
  custom:scripting/monoscript/fileName/WaterTile.cs: befbb5490146d8411f498114065e047b -> 
  custom:scripting/monoscript/fileName/ThirdPersonUserControl.cs: bd5be9b690b2b25691123042e3f029e4 -> 
  custom:scripting/monoscript/fileName/Hose.cs: 1d1751f4f603bc707cbfbd006a3e319e -> 
  custom:scripting/monoscript/fileName/HeadBob.cs: 280e62205361a81182004909e3cfba7a -> 
  custom:scripting/monoscript/fileName/ObjectResetter.cs: 4729f3c5ec4320f6d42859ed0a7e4fcc -> 
  custom:scripting/monoscript/fileName/GerstnerDisplaceEditor.cs: cac3112c0b92edc85cc92519734e920f -> 
  custom:scripting/monoscript/fileName/Restarter.cs: 3754c3e01f668cfd421f243131ab1ae4 -> 
  custom:scripting/monoscript/fileName/Platformer2DUserControl.cs: 9a1792f8403cabe7b20bb4ebb904f64e -> 
  custom:scripting/monoscript/fileName/WheelEffects.cs: 3a1bbc7d2b8f318a0cb10eda2837de54 -> 
========================================================================
Received Prepare
Begin MonoManager ReloadAssembly
- Loaded All Assemblies, in  0.643 seconds
Refreshing native plugins compatible for Editor in 4.72 ms, found 3 plugins.
Native extension for UWP target not found
Native extension for WindowsStandalone target not found
Native extension for OSXStandalone target not found
Native extension for WebGL target not found
[Package Manager] Server::EnsureServerProcessIsRunning -- launch failed, reason: Unity was launched with the -noUpm command-line argument
[Package Manager] UpmClient::Send -- Unable to send message (not connected to UPM process).
[Package Manager] Cannot connect to Unity Package Manager local server
Mono: successfully reloaded assembly
- Finished resetting the current domain, in  2.522 seconds
Domain Reload Profiling: 3163ms
	BeginReloadAssembly (221ms)
		ExecutionOrderSort (0ms)
		DisableScriptedObjects (8ms)
		BackupInstance (0ms)
		ReleaseScriptingObjects (0ms)
		CreateAndSetChildDomain (54ms)
	RebuildCommonClasses (48ms)
	RebuildNativeTypeToScriptingClass (16ms)
	initialDomainReloadingComplete (49ms)
	LoadAllAssembliesAndSetupDomain (305ms)
		LoadAssemblies (399ms)
		RebuildTransferFunctionScriptingTraits (0ms)
		AnalyzeDomain (20ms)
			TypeCache.Refresh (9ms)
				TypeCache.ScanAssembly (0ms)
			ScanForSourceGeneratedMonoScriptInfo (0ms)
			ResolveRequiredComponents (8ms)
	FinalizeReload (2524ms)
		ReleaseScriptCaches (0ms)
		RebuildScriptCaches (0ms)
		SetupLoadedEditorAssemblies (1545ms)
			LogAssemblyErrors (0ms)
			InitializePlatformSupportModulesInManaged (34ms)
			SetLoadedEditorAssemblies (11ms)
			RefreshPlugins (0ms)
			BeforeProcessingInitializeOnLoad (185ms)
			ProcessInitializeOnLoadAttributes (1236ms)
			ProcessInitializeOnLoadMethodAttributes (52ms)
			AfterProcessingInitializeOnLoad (27ms)
			EditorAssembliesLoaded (0ms)
		ExecutionOrderSort2 (0ms)
		AwakeInstancesAfterBackupRestoration (20ms)
Refreshing native plugins compatible for Editor in 9.16 ms, found 3 plugins.
Preloading 0 native plugins for Editor in 0.00 ms.
Unloading 3118 Unused Serialized files (Serialized files now loaded: 0)
Unloading 23 unused Assets / (280.2 KB). Loaded Objects now: 3599.
Memory consumption went from 117.0 MB to 116.7 MB.
Total: 8.921900 ms (FindLiveObjects: 0.330100 ms CreateObjectMapping: 0.164000 ms MarkObjects: 7.890500 ms  DeleteObjects: 0.534100 ms)

Prepare: number of updated asset objects reloaded= 0
AssetImportParameters requested are different than current active one (requested -> active):
  custom:scripting/monoscript/fileName/MobileInput.cs: 916a9248ab1eb3f0d791859f028e70d8 -> 
  custom:scripting/monoscript/fileName/Water.cs: 4427281107f61d1837c0a767dd081136 -> 
  custom:scripting/monoscript/fileName/InputAxisScrollbar.cs: ac9f721155332e2772dc111905c4d583 -> 
  custom:container-demuxer-ogg: 62fdf1f143b41e24485cea50d1cbac27 -> 
  custom:scripting/monoscript/fileName/PlanarReflectionEditor.cs: e9b6649e6c72d886139d0a61dab2ce53 -> 
  custom:scripting/monoscript/fileName/AeroplaneUserControl4Axis.cs: 7861dde000b5351936f6898bbbf51638 -> 
  custom:scripting/monoscript/fileName/ActivateTrigger.cs: c17dbf6ebd3571655102669753f97191 -> 
  custom:scripting/monoscript/fileName/CarAIControl.cs: ca4f368ea072d7a564df07dc895b2a96 -> 
  custom:scripting/monoscript/fileName/WaypointCircuit.cs: eb0e609150550e528225b682103b43f4 -> 
  custom:scripting/monoscript/fileName/ParticleSystemDestroyer.cs: 4a3ccd840619c24dbe6ed070600d5d9e -> 
  custom:scripting/monoscript/fileName/LandingGear.cs: 65e13eeed4ae22f6a2546db1a8bff3cf -> 
  custom:scripting/monoscript/fileName/ExplosionPhysicsForce.cs: 99c9bdd3f4711349ea008cc9307354fc -> 
  custom:scripting/monoscript/fileName/CrossPlatformInputInitialize.cs: 5298687dc61bd38df93e503be0cd027b -> 
  custom:scripting/monoscript/fileName/CrossPlatformInputManager.cs: 6de8af81d021eaf9393099950d116e92 -> 
  custom:scripting/monoscript/fileName/DragRigidbody.cs: 4603c3af3f13916f3fa935f6c699052a -> 
  custom:video-codec-MediaFoundation-h265: 746d11721c4dcdbdad8f713fa42b33f4 -> 
  custom:scripting/monoscript/fileName/GerstnerDisplace.cs: 7df2740790548bab84eb0d3c7932989c -> 
  custom:scripting/monoscript/fileName/SmokeParticles.cs: ae0be802c38d22b76b13deaf32e6b2fa -> 
  custom:scripting/monoscript/fileName/PlanarReflection.cs: 12735a809aeff545be42d56dcf008119 -> 
  custom:video-decoder-ogg-theora: a1e56fd34408186e4bbccfd4996cb3dc -> 
  custom:scripting/monoscript/fileName/WaterBasic.cs: 55f1f2d585546c05088574d22ca868db -> 
  custom:scripting/monoscript/fileName/WaterBaseEditor.cs: 7bfe9a8f976495e6455dffd894e3c518 -> 
  custom:framework-win-MediaFoundation: 216162199b28c13a410421893ffa2e32 -> 
  custom:scripting/monoscript/fileName/AeroplaneAudio.cs: 50294550bb51818f5e10a8e61efaaff7 -> 
  custom:scripting/monoscript/fileName/Camera2DFollow.cs: 5b1fdae63beb5574e052e755458bbeaf -> 
  custom:scripting/monoscript/fileName/TouchPad.cs: 6807f02d81a6bfd6af95f1e26dad1c08 -> 
  custom:scripting/monoscript/fileName/TiltInput.cs: 1820939af3f541157a2fe21edb2c5afd -> 
  custom:scripting/monoscript/fileName/RigidbodyFirstPersonController.cs: ace2a793a454b629c5b1d471baf52a02 -> 
  custom:scripting/monoscript/fileName/SmoothFollow.cs: 6827ffa1ee9ce151924316a12a17fd6f -> 
  custom:scripting/monoscript/fileName/Ball.cs: 1f94b792729e7dfe8e4b6b48e94f74ad -> 
  custom:scripting/monoscript/fileName/ExtinguishableParticleSystem.cs: f8b7119b76e142217ea59caecee08c2d -> 
  custom:CustomObjectIndexerAttribute: 756ad292c208cfabdd7b50bc23989ffe -> 
  custom:scripting/monoscript/fileName/AICharacterControl.cs: 1ba2ce23cf6d0498a7ed5611bc270566 -> 
  custom:scripting/monoscript/fileName/DynamicShadowSettings.cs: 4d386fbb6170c62321b4d131fcbbb95b -> 
  custom:scripting/monoscript/fileName/CurveControlledBob.cs: fd3c34ca61c0dfb6328f54c1782436be -> 
  custom:scripting/monoscript/fileName/AutoMobileShaderSwitch.cs: 99d7aaf020e3cf1646695822196b7aba -> 
  custom:scripting/monoscript/fileName/AlphaButtonClickMask.cs: d9b1e64559b9156677fa9de4d563dc4f -> 
  custom:scripting/monoscript/fileName/CarUserControl.cs: b739673caf6b3c3aa830f1d37d22cee0 -> 
  custom:container-demuxer-webm: 4f35f7cbe854078d1ac9338744f61a02 -> 
  custom:scripting/monoscript/fileName/SpecularLightingEditor.cs: b1aa7ff8d6178916b888123f93fc1461 -> 
  custom:scripting/monoscript/fileName/StandaloneInput.cs: 88b73dc74cc44043423a370601c3162d -> 
  custom:scripting/monoscript/fileName/MeshContainer.cs: 75ad9d60f0f027bf75784089522aa0ff -> 
  custom:scripting/monoscript/fileName/CarSelfRighting.cs: cea80a7e099151b7e6e358849786ec5f -> 
  custom:scripting/monoscript/fileName/AbstractTargetFollower.cs: 6409c10c17b027813bf616cbbd82342d -> 
  custom:scripting/monoscript/fileName/JetParticleEffect.cs: abfa80fe368b150b31608b6d0d9e5480 -> 
  custom:scripting/monoscript/fileName/FOVKick.cs: d136c86792778333cf463e29c8f7ade6 -> 
  custom:scripting/monoscript/fileName/TimedObjectActivator.cs: bb1df94b2d6347fcdbe73f799d3ca657 -> 
  custom:scripting/monoscript/fileName/CameraFollow.cs: f688adf0047d2d447317a6b463e2f96f -> 
  custom:scripting/monoscript/fileName/AutoCam.cs: ae81c0234c6aa2e342909cd6ad8531f9 -> 
  custom:scripting/monoscript/fileName/WaterBase.cs: c45d6dc5c44825ed7b3cfd00eea96cd1 -> 
  custom:scripting/monoscript/fileName/PivotBasedCameraRig.cs: 569fe548a68bbe05737c846b6136fd7c -> 
  custom:scripting/monoscript/fileName/WaypointProgressTracker.cs: 4258c6b0386daa037a45b680ab62a1e0 -> 
  custom:scripting/monoscript/fileName/ThirdPersonCharacter.cs: cfdf9322569f93fa7d0d8541b14b23bc -> 
  custom:scripting/monoscript/fileName/WaterEditorUtility.cs: a2f035b58d42b9f5e221f28bf9ba8df5 -> 
  custom:scripting/monoscript/fileName/SimpleMouseRotator.cs: dba573bcb546f175149e62ba814f5b72 -> 
  custom:container-muxer-webm: aa71ff27fc2769a1b78a27578f13a17b -> 
  custom:scripting/monoscript/fileName/ParticleSystemMultiplier.cs: ee9356afc1edd7a7e964bbfaae218d2b -> 
  custom:scripting/monoscript/fileName/Explosive.cs: 3828d6083bb1809dd6ceb0774cff30bf -> 
  custom:scripting/monoscript/fileName/TargetFieldOfView.cs: 51d23f9917ca2bff79136f2f326daaed -> 
  custom:video-decoder-webm-vp8: 9c59270c3fd7afecdb556c50c9e8de78 -> 
  custom:scripting/monoscript/fileName/AeroplaneAiControl.cs: 1998eeeff93b392074de05baabdb9c40 -> 
  custom:scripting/monoscript/fileName/CameraRefocus.cs: ad0ece5675b71eb36894f0c255f332e4 -> 
  custom:scripting/monoscript/fileName/CarAudio.cs: fc000aedbef84f7776d30d5e96d6569a -> 
  custom:SearchIndexIgnoredProperties: e643bd26f0fe6173181afceb89e7c659 -> 
  custom:scripting/monoscript/fileName/TimedObjectDestructor.cs: 2b9ef5c24d8ac1876bcac32bfbb70091 -> 
  custom:AudioImporter_EditorPlatform: d09bf68614088b80899f8185d706f6e7 -> 
  custom:scripting/monoscript/fileName/MobileControlRig.cs: edcf953c7c7f28c0e7c76ed3794b771a -> 
  custom:scripting/monoscript/fileName/ExplosionFireAndDebris.cs: 9c578ebda2ad3c3c3c6c44dce65093e0 -> 
  custom:scripting/monoscript/fileName/Mudguard.cs: 12e7e83acdb435d5e06e72b4316a8319 -> 
  custom:scripting/monoscript/fileName/SpecularLighting.cs: b337f2555d0714afc339e7449ab9618f -> 
  custom:scripting/monoscript/fileName/ForcedReset.cs: 5ff613fa73995367b603682b60bcea24 -> 
  custom:scripting/monoscript/fileName/HandHeldCam.cs: 39d3287cbb1e5c085859aee4b8cca7a8 -> 
  custom:scripting/monoscript/fileName/AeroplaneControlSurfaceAnimator.cs: 010a3bb2938c9be08cfba18cfdb02ba8 -> 
  custom:scripting/monoscript/fileName/EventSystemChecker.cs: 8ff64b04718551a6bca2d6f2b6f6ea6e -> 
  custom:scripting/monoscript/fileName/VirtualInput.cs: dc5775c312c5ecb7052c36f3d3ca27fc -> 
  custom:scripting/monoscript/fileName/AeroplaneUserControl2Axis.cs: 2b05f3c9809daf4601d3a5f28329996c -> 
  custom:scripting/monoscript/fileName/WaterHoseParticles.cs: 86c1b8c19be690fb9367e984ca7a0ab7 -> 
  custom:scripting/monoscript/fileName/MouseLook.cs: 36c3836205aea061e755e4bcfebbe89c -> 
  custom:scripting/monoscript/fileName/SimpleActivatorMenu.cs: 1f886f09fd047de86975dc92f0781ec6 -> 
  custom:scripting/monoscript/fileName/PlatformerCharacter2D.cs: ec36baacbd2b0ac64e2ed75f1435adaa -> 
  custom:scripting/monoscript/fileName/FPSCounter.cs: 61325357dea45ada3313f117fe0f7127 -> 
  custom:scripting/monoscript/fileName/LerpControlledBob.cs: e1bf67f0a3095bf49332446dc0219443 -> 
  custom:scripting/monoscript/fileName/ButtonHandler.cs: bf99f15b4b4da7541cf1a3227d33dba4 -> 
  custom:scripting/monoscript/fileName/LookatTarget.cs: 24990fd6a1942dd499cec63d308f9c02 -> 
  custom:scripting/monoscript/fileName/AeroplaneController.cs: cfb2d719e9219769fc09de7d4a42bb38 -> 
  custom:video-encoder-webm-vp8: eb34c28f22e8b96e1ab97ce403110664 -> 
  custom:scripting/monoscript/fileName/CarController.cs: fb53e0bbf58768a4ef106911a1e6c541 -> 
  custom:audio-decoder-ogg-vorbis: bf7c407c2cedff20999df2af8eb42d56 -> 
  custom:scripting/monoscript/fileName/AfterburnerPhysicsForce.cs: ea1d2e5ce75d184b47ac9cdb79411e01 -> 
  custom:scripting/monoscript/fileName/AeroplanePropellerAnimator.cs: 0a888aaa63bfb35fd9eec0b63fc72e3c -> 
  custom:scripting/monoscript/fileName/Displace.cs: 5b4fe65107bc730457d8c227a256a0ca -> 
  custom:scripting/monoscript/fileName/AxisTouchButton.cs: a7aa800e764d8b80087fc24ac7f59d30 -> 
  custom:scripting/monoscript/fileName/BrakeLight.cs: 3113ea39310d45bead23adbbd70231cd -> 
  custom:scripting/monoscript/fileName/FollowTarget.cs: b1a6ed13124065658ba5d24dfcda5053 -> 
  custom:scripting/monoscript/fileName/Suspension.cs: acf7b262a6de56a4883e121a5f1da868 -> 
  custom:scripting/monoscript/fileName/FireLight.cs: b4b66c362b883eb58d7e52f4922a19fc -> 
  custom:scripting/monoscript/fileName/FirstPersonController.cs: a916381fd860ee40315b63f3043593ae -> 67f77d7cf4835cb45da4a44b64600b6d
  custom:scripting/monoscript/fileName/ProtectCameraFromWallClip.cs: 4c140574803b995cdf559398f585d40b -> 
  custom:scripting/monoscript/fileName/SkidTrail.cs: 15a75bf14c72d020d3341a05c9220dc5 -> 
  custom:scripting/monoscript/fileName/Joystick.cs: 11af4b90318823aa68a285f0f2d513aa -> 
  custom:scripting/monoscript/fileName/BallUserControl.cs: a7e27f72ffe35910ae9c3697f09faa90 -> 
  custom:scripting/monoscript/fileName/FreeLookCam.cs: fbcb717fad2034192c3ecbc696d6e019 -> 
  custom:audio-encoder-webm-vorbis: bf7c407c2cedff20999df2af8eb42d56 -> 
  custom:scripting/monoscript/fileName/PlatformSpecificContent.cs: d80b16e46fa47259f162b60d4de03e39 -> 
  custom:scripting/monoscript/fileName/AutoMoveAndRotate.cs: cadb60ca81f0fa092bfbe6288b868ff7 -> 
  custom:scripting/monoscript/fileName/WaterTile.cs: befbb5490146d8411f498114065e047b -> 
  custom:scripting/monoscript/fileName/ThirdPersonUserControl.cs: bd5be9b690b2b25691123042e3f029e4 -> 
  custom:scripting/monoscript/fileName/Hose.cs: 1d1751f4f603bc707cbfbd006a3e319e -> 
  custom:scripting/monoscript/fileName/HeadBob.cs: 280e62205361a81182004909e3cfba7a -> 
  custom:scripting/monoscript/fileName/ObjectResetter.cs: 4729f3c5ec4320f6d42859ed0a7e4fcc -> 
  custom:scripting/monoscript/fileName/GerstnerDisplaceEditor.cs: cac3112c0b92edc85cc92519734e920f -> 
  custom:scripting/monoscript/fileName/Restarter.cs: 3754c3e01f668cfd421f243131ab1ae4 -> 
  custom:scripting/monoscript/fileName/Platformer2DUserControl.cs: 9a1792f8403cabe7b20bb4ebb904f64e -> 
  custom:scripting/monoscript/fileName/WheelEffects.cs: 3a1bbc7d2b8f318a0cb10eda2837de54 -> 
========================================================================
Received Import Request.
  Time since last request: 36536.328894 seconds.
  path: Assets/Prefabs
  artifactKey: Guid(3211a680f304d374f8230871dbaae11f) Importer(815301076,1909f56bfc062723c751e8b465ee728b)
Start importing Assets/Prefabs using Guid(3211a680f304d374f8230871dbaae11f) Importer(815301076,1909f56bfc062723c751e8b465ee728b)  -> (artifact id: '0d17ff3e9074bb819b57973d9949518a') in 0.006205 seconds
Number of updated asset objects reloaded before import = 0
Number of asset objects unloaded after import = 0
========================================================================
Received Import Request.
  Time since last request: 0.065271 seconds.
  path: Assets/Prefabs/RampPrototype04x02x02.fbx
  artifactKey: Guid(b9d7ac1a0f551404f8d32e1e02b64325) Importer(815301076,1909f56bfc062723c751e8b465ee728b)
Start importing Assets/Prefabs/RampPrototype04x02x02.fbx using Guid(b9d7ac1a0f551404f8d32e1e02b64325) Importer(815301076,1909f56bfc062723c751e8b465ee728b)  -> (artifact id: '280a1490faa52f846305be8662542d61') in 0.249130 seconds
Number of updated asset objects reloaded before import = 0
Number of asset objects unloaded after import = 7
========================================================================
Received Import Request.
  Time since last request: 5.230198 seconds.
  path: Assets/Prefabs/Prototypes/Barriers/5-1-1/5-1-1 Dark Proto 3.mat
  artifactKey: Guid(1cfd08dc9109dd44fbfd0fb611e17461) Importer(815301076,1909f56bfc062723c751e8b465ee728b)
Start importing Assets/Prefabs/Prototypes/Barriers/5-1-1/5-1-1 Dark Proto 3.mat using Guid(1cfd08dc9109dd44fbfd0fb611e17461) Importer(815301076,1909f56bfc062723c751e8b465ee728b)  -> (artifact id: 'd7544c3499dc89c6137c51105cd6441c') in 0.120400 seconds
Number of updated asset objects reloaded before import = 0
Number of asset objects unloaded after import = 4
========================================================================
Received Import Request.
  Time since last request: 0.000081 seconds.
  path: Assets/SampleScenes/Models/Materials/Asteroid.mat
  artifactKey: Guid(ace554b28b3c23448817bd8c63e751ff) Importer(815301076,1909f56bfc062723c751e8b465ee728b)
Start importing Assets/SampleScenes/Models/Materials/Asteroid.mat using Guid(ace554b28b3c23448817bd8c63e751ff) Importer(815301076,1909f56bfc062723c751e8b465ee728b)  -> (artifact id: '9beb877011c526676c2f9ae231719980') in 0.029658 seconds
Number of updated asset objects reloaded before import = 0
Number of asset objects unloaded after import = 1
========================================================================
Received Import Request.
  Time since last request: 0.000041 seconds.
  path: Assets/Prefabs/Prototypes/Walls/50-10-1/50-10-1 Proto Green.mat
  artifactKey: Guid(b8dd17f19c1b37341bfa9203aaa12160) Importer(815301076,1909f56bfc062723c751e8b465ee728b)
Start importing Assets/Prefabs/Prototypes/Walls/50-10-1/50-10-1 Proto Green.mat using Guid(b8dd17f19c1b37341bfa9203aaa12160) Importer(815301076,1909f56bfc062723c751e8b465ee728b)  -> (artifact id: 'd7b95c831c6f2ae5a4b16769a1a731cd') in 0.038418 seconds
Number of updated asset objects reloaded before import = 0
Number of asset objects unloaded after import = 3
Editor requested this worker to shutdown with reason: Scaling down because of idle timeout
TcpMessagingSession - receive error: operation aborted. errorcode: 995, details: The I/O operation has been aborted because of either a thread exit or an application request.
AssetImportWorker is now disconnected from the server
Process exiting
Exiting without the bug reporter. Application will terminate with return code 0